This file contains any messages produced by compilers while
running configure, to aid debugging if configure makes a mistake.

It was created by mfold configure 3.6, which was
generated by GNU Autoconf 2.71.  Invocation command line was

  $ ./configure --prefix=/Users/developer/Desktop/evelina/ugene/mfold/prefix LDFLAGS=-static-libgfortran --no-create --no-recursion

## --------- ##
## Platform. ##
## --------- ##

hostname = atiunov-pc
uname -m = x86_64
uname -r = 17.7.0
uname -s = Darwin
uname -v = Darwin Kernel Version 17.7.0: Thu Jun 21 22:53:14 PDT 2018; root:xnu-4570.71.2~1/RELEASE_X86_64

/usr/bin/uname -p = i386
/bin/uname -X     = unknown

/bin/arch              = unknown
/usr/bin/arch -k       = unknown
/usr/convex/getsysinfo = unknown
/usr/bin/hostinfo      = Mach kernel version:
	 Darwin Kernel Version 17.7.0: Thu Jun 21 22:53:14 PDT 2018; root:xnu-4570.71.2~1/RELEASE_X86_64
Kernel configured for up to 4 processors.
4 processors are physically available.
4 processors are logically available.
Processor type: i486 (Intel 80486)
Processors active: 0 1 2 3
Primary memory available: 16.00 gigabytes
Default processor set: 391 tasks, 2287 threads, 4 processors
Load average: 1.57, Mach factor: 2.42
/bin/machine           = unknown
/usr/bin/oslevel       = unknown
/bin/universe          = unknown

PATH: /usr/local/bin/
PATH: /usr/bin/
PATH: /bin/
PATH: /usr/sbin/
PATH: /sbin/
PATH: /opt/X11/bin/
PATH: /Library/Frameworks/Mono.framework/Versions/Current/Commands/
PATH: /usr/local/ncbi/blast/bin/


## ----------- ##
## Core tests. ##
## ----------- ##

configure:2749: looking for aux files: compile config.guess config.sub missing install-sh
configure:2762:  trying ./config/
configure:2791:   ./config/compile found
configure:2791:   ./config/config.guess found
configure:2791:   ./config/config.sub found
configure:2791:   ./config/missing found
configure:2773:   ./config/install-sh found
configure:2924: checking for a BSD-compatible install
configure:2997: result: /usr/bin/install -c
configure:3008: checking whether build environment is sane
configure:3063: result: yes
configure:3098: WARNING: 'missing' script is too old or missing
configure:3222: checking for a race-free mkdir -p
configure:3266: result: ./config/install-sh -c -d
configure:3273: checking for gawk
configure:3308: result: no
configure:3273: checking for mawk
configure:3308: result: no
configure:3273: checking for nawk
configure:3308: result: no
configure:3273: checking for awk
configure:3294: found /usr/bin/awk
configure:3305: result: awk
configure:3316: checking whether make sets $(MAKE)
configure:3339: result: yes
configure:3369: checking whether make supports nested variables
configure:3387: result: yes
configure:3516: checking build system type
configure:3531: result: i686-apple-darwin17.7.0
configure:3557: checking for gawk
configure:3589: result: awk
configure:3669: checking for g++
configure:3690: found /usr/bin/g++
configure:3701: result: g++
configure:3728: checking for C++ compiler version
configure:3737: g++ --version >&5
Apple LLVM version 10.0.0 (clang-1000.11.45.5)
Target: x86_64-apple-darwin17.7.0
Thread model: posix
InstalledDir: /Applications/Xcode.app/Contents/Developer/Toolchains/XcodeDefault.xctoolchain/usr/bin
Configured with: --prefix=/Applications/Xcode.app/Contents/Developer/usr --with-gxx-include-dir=/usr/include/c++/4.2.1
configure:3748: $? = 0
configure:3737: g++ -v >&5
Configured with: --prefix=/Applications/Xcode.app/Contents/Developer/usr --with-gxx-include-dir=/usr/include/c++/4.2.1
Apple LLVM version 10.0.0 (clang-1000.11.45.5)
Target: x86_64-apple-darwin17.7.0
Thread model: posix
InstalledDir: /Applications/Xcode.app/Contents/Developer/Toolchains/XcodeDefault.xctoolchain/usr/bin
configure:3748: $? = 0
configure:3737: g++ -V >&5
clang: error: argument to '-V' is missing (expected 1 value)
clang: error: no input files
configure:3748: $? = 1
configure:3737: g++ -qversion >&5
clang: error: unknown argument: '-qversion'
clang: error: no input files
configure:3748: $? = 1
configure:3768: checking whether the C++ compiler works
configure:3790: g++   -static-libgfortran conftest.cpp  >&5
clang: warning: argument unused during compilation: '-static-libgfortran' [-Wunused-command-line-argument]
configure:3794: $? = 0
configure:3844: result: yes
configure:3847: checking for C++ compiler default output file name
configure:3849: result: a.out
configure:3855: checking for suffix of executables
configure:3862: g++ -o conftest   -static-libgfortran conftest.cpp  >&5
clang: warning: argument unused during compilation: '-static-libgfortran' [-Wunused-command-line-argument]
configure:3866: $? = 0
configure:3889: result: 
configure:3911: checking whether we are cross compiling
configure:3919: g++ -o conftest   -static-libgfortran conftest.cpp  >&5
clang: warning: argument unused during compilation: '-static-libgfortran' [-Wunused-command-line-argument]
configure:3923: $? = 0
configure:3930: ./conftest
configure:3934: $? = 0
configure:3949: result: no
configure:3954: checking for suffix of object files
configure:3977: g++ -c   conftest.cpp >&5
configure:3981: $? = 0
configure:4003: result: o
configure:4007: checking whether the compiler supports GNU C++
configure:4027: g++ -c   conftest.cpp >&5
configure:4027: $? = 0
configure:4037: result: yes
configure:4048: checking whether g++ accepts -g
configure:4069: g++ -c -g  conftest.cpp >&5
configure:4069: $? = 0
configure:4113: result: yes
configure:4133: checking for g++ option to enable C++11 features
configure:4148: g++  -c -g -O2  conftest.cpp >&5
conftest.cpp:57:3: error: "Compiler does not advertise C++11 conformance"
# error "Compiler does not advertise C++11 conformance"
  ^
conftest.cpp:62:3: error: unknown type name 'constexpr'
  constexpr int get_val() { return 20; }
  ^
conftest.cpp:62:13: error: expected unqualified-id
  constexpr int get_val() { return 20; }
            ^
conftest.cpp:74:17: error: delegating constructors are permitted only in C++11
    delegate(): delegate(2354) {}
                ^~~~~~~~
conftest.cpp:85:26: warning: 'override' keyword is a C++11 extension [-Wc++11-extensions]
    virtual int getval() override final { return this->n * 2; }
                         ^
conftest.cpp:85:35: warning: 'final' keyword is a C++11 extension [-Wc++11-extensions]
    virtual int getval() override final { return this->n * 2; }
                                  ^
conftest.cpp:92:16: warning: defaulted function definitions are a C++11 extension [-Wc++11-extensions]
    nocopy() = default;
               ^
conftest.cpp:93:29: warning: deleted function definitions are a C++11 extension [-Wc++11-extensions]
    nocopy(const nocopy&) = delete;
                            ^
conftest.cpp:94:41: warning: deleted function definitions are a C++11 extension [-Wc++11-extensions]
    nocopy & operator=(const nocopy&) = delete;
                                        ^
conftest.cpp:106:25: warning: 'auto' type specifier is a C++11 extension [-Wc++11-extensions]
  template <typename V> auto sum(V first) -> V
                        ^
conftest.cpp:106:25: error: 'auto' not allowed in function return type
  template <typename V> auto sum(V first) -> V
                        ^~~~
conftest.cpp:106:42: error: expected ';' at end of declaration
  template <typename V> auto sum(V first) -> V
                                         ^
                                         ;
conftest.cpp:106:43: error: cannot use arrow operator on a type
  template <typename V> auto sum(V first) -> V
                                          ^
conftest.cpp:110:33: warning: variadic templates are a C++11 extension [-Wc++11-extensions]
  template <typename V, typename... Args> auto sum(V first, Args... rest) -> V
                                ^
conftest.cpp:110:43: warning: 'auto' type specifier is a C++11 extension [-Wc++11-extensions]
  template <typename V, typename... Args> auto sum(V first, Args... rest) -> V
                                          ^
conftest.cpp:110:43: error: 'auto' not allowed in function return type
  template <typename V, typename... Args> auto sum(V first, Args... rest) -> V
                                          ^~~~
conftest.cpp:110:74: error: expected ';' at end of declaration
  template <typename V, typename... Args> auto sum(V first, Args... rest) -> V
                                                                         ^
                                                                         ;
conftest.cpp:110:75: error: cannot use arrow operator on a type
  template <typename V, typename... Args> auto sum(V first, Args... rest) -> V
                                                                          ^
conftest.cpp:134:3: warning: 'auto' type specifier is a C++11 extension [-Wc++11-extensions]
  auto a1 = 6538;
  ^
conftest.cpp:135:3: warning: 'auto' type specifier is a C++11 extension [-Wc++11-extensions]
  auto a2 = 48573953.4;
  ^
conftest.cpp:136:3: warning: 'auto' type specifier is a C++11 extension [-Wc++11-extensions]
  auto a3 = "String literal";
  ^
conftest.cpp:139:8: warning: 'auto' type specifier is a C++11 extension [-Wc++11-extensions]
  for (auto i = a3; *i; ++i) { total += *i; }
       ^
conftest.cpp:145:23: error: no member named 'get_val' in namespace 'cxx11test'
  short sa[cxx11test::get_val()] = { 0 };
           ~~~~~~~~~~~^
conftest.cpp:155:8: warning: 'auto' type specifier is a C++11 extension [-Wc++11-extensions]
  for (auto &x : array) { x += 23; }
       ^
conftest.cpp:155:16: warning: range-based for loop is a C++11 extension [-Wc++11-extensions]
  for (auto &x : array) { x += 23; }
               ^
conftest.cpp:160:17: error: expected expression
  assert (eval ([](int x) { return x*2; }, 21) == 42);
                ^
conftest.cpp:162:17: error: expected expression
  assert (eval ([&](double x) { return d += x; }, 3.0) == 5.0);
                ^
conftest.cpp:164:17: error: expected expression
  assert (eval ([=](double x) mutable { return d += x; }, 4.0) == 9.0);
                ^
conftest.cpp:170:3: warning: 'auto' type specifier is a C++11 extension [-Wc++11-extensions]
  auto a = sum(1);
  ^
conftest.cpp:170:12: error: no matching function for call to 'sum'
  auto a = sum(1);
           ^~~
conftest.cpp:171:3: warning: 'auto' type specifier is a C++11 extension [-Wc++11-extensions]
  auto b = sum(1, 2);
  ^
conftest.cpp:171:12: error: no matching function for call to 'sum'
  auto b = sum(1, 2);
           ^~~
conftest.cpp:172:3: warning: 'auto' type specifier is a C++11 extension [-Wc++11-extensions]
  auto c = sum(1.0, 2.0, 3.0);
  ^
conftest.cpp:172:12: error: no matching function for call to 'sum'
  auto c = sum(1.0, 2.0, 3.0);
           ^~~
conftest.cpp:177:25: warning: empty parentheses interpreted as a function declaration [-Wvexing-parse]
  cxx11test::delegate d2();
                        ^~
conftest.cpp:177:25: note: remove parentheses to declare a variable
  cxx11test::delegate d2();
                        ^~
conftest.cpp:190:16: error: found '<::' after a template name which forms the digraph '<:' (aka '[') and a ':', did you mean '< ::'?
  test_template<::test_template<int>> v(test_template<int>(12));
               ^~~
               < ::
conftest.cpp:190:36: error: a space is required between consecutive right angle brackets (use '> >')
  test_template<::test_template<int>> v(test_template<int>(12));
                                   ^~
                                   > >
fatal error: too many errors emitted, stopping now [-ferror-limit=]
18 warnings and 20 errors generated.
configure:4148: $? = 1
configure: failed program was:
| /* confdefs.h */
| #define PACKAGE_NAME "mfold"
| #define PACKAGE_TARNAME "mfold"
| #define PACKAGE_VERSION "3.6"
| #define PACKAGE_STRING "mfold 3.6"
| #define PACKAGE_BUGREPORT "zukerm@alum.mit.edu"
| #define PACKAGE_URL "www.unafold.org"
| #define PACKAGE "mfold"
| #define VERSION "3.6"
| /* end confdefs.h.  */
| 
| // Does the compiler advertise C++98 conformance?
| #if !defined __cplusplus || __cplusplus < 199711L
| # error "Compiler does not advertise C++98 conformance"
| #endif
| 
| // These inclusions are to reject old compilers that
| // lack the unsuffixed header files.
| #include <cstdlib>
| #include <exception>
| 
| // <cassert> and <cstring> are *not* freestanding headers in C++98.
| extern void assert (int);
| namespace std {
|   extern int strcmp (const char *, const char *);
| }
| 
| // Namespaces, exceptions, and templates were all added after "C++ 2.0".
| using std::exception;
| using std::strcmp;
| 
| namespace {
| 
| void test_exception_syntax()
| {
|   try {
|     throw "test";
|   } catch (const char *s) {
|     // Extra parentheses suppress a warning when building autoconf itself,
|     // due to lint rules shared with more typical C programs.
|     assert (!(strcmp) (s, "test"));
|   }
| }
| 
| template <typename T> struct test_template
| {
|   T const val;
|   explicit test_template(T t) : val(t) {}
|   template <typename U> T add(U u) { return static_cast<T>(u) + val; }
| };
| 
| } // anonymous namespace
| 
| 
| // Does the compiler advertise C++ 2011 conformance?
| #if !defined __cplusplus || __cplusplus < 201103L
| # error "Compiler does not advertise C++11 conformance"
| #endif
| 
| namespace cxx11test
| {
|   constexpr int get_val() { return 20; }
| 
|   struct testinit
|   {
|     int i;
|     double d;
|   };
| 
|   class delegate
|   {
|   public:
|     delegate(int n) : n(n) {}
|     delegate(): delegate(2354) {}
| 
|     virtual int getval() { return this->n; };
|   protected:
|     int n;
|   };
| 
|   class overridden : public delegate
|   {
|   public:
|     overridden(int n): delegate(n) {}
|     virtual int getval() override final { return this->n * 2; }
|   };
| 
|   class nocopy
|   {
|   public:
|     nocopy(int i): i(i) {}
|     nocopy() = default;
|     nocopy(const nocopy&) = delete;
|     nocopy & operator=(const nocopy&) = delete;
|   private:
|     int i;
|   };
| 
|   // for testing lambda expressions
|   template <typename Ret, typename Fn> Ret eval(Fn f, Ret v)
|   {
|     return f(v);
|   }
| 
|   // for testing variadic templates and trailing return types
|   template <typename V> auto sum(V first) -> V
|   {
|     return first;
|   }
|   template <typename V, typename... Args> auto sum(V first, Args... rest) -> V
|   {
|     return first + sum(rest...);
|   }
| }
| 
| 
| int
| main (int argc, char **argv)
| {
|   int ok = 0;
|   
|   assert (argc);
|   assert (! argv[0]);
| {
|   test_exception_syntax ();
|   test_template<double> tt (2.0);
|   assert (tt.add (4) == 6.0);
|   assert (true && !false);
| }
| 
|   
| {
|   // Test auto and decltype
|   auto a1 = 6538;
|   auto a2 = 48573953.4;
|   auto a3 = "String literal";
| 
|   int total = 0;
|   for (auto i = a3; *i; ++i) { total += *i; }
| 
|   decltype(a2) a4 = 34895.034;
| }
| {
|   // Test constexpr
|   short sa[cxx11test::get_val()] = { 0 };
| }
| {
|   // Test initializer lists
|   cxx11test::testinit il = { 4323, 435234.23544 };
| }
| {
|   // Test range-based for
|   int array[] = {9, 7, 13, 15, 4, 18, 12, 10, 5, 3,
|                  14, 19, 17, 8, 6, 20, 16, 2, 11, 1};
|   for (auto &x : array) { x += 23; }
| }
| {
|   // Test lambda expressions
|   using cxx11test::eval;
|   assert (eval ([](int x) { return x*2; }, 21) == 42);
|   double d = 2.0;
|   assert (eval ([&](double x) { return d += x; }, 3.0) == 5.0);
|   assert (d == 5.0);
|   assert (eval ([=](double x) mutable { return d += x; }, 4.0) == 9.0);
|   assert (d == 5.0);
| }
| {
|   // Test use of variadic templates
|   using cxx11test::sum;
|   auto a = sum(1);
|   auto b = sum(1, 2);
|   auto c = sum(1.0, 2.0, 3.0);
| }
| {
|   // Test constructor delegation
|   cxx11test::delegate d1;
|   cxx11test::delegate d2();
|   cxx11test::delegate d3(45);
| }
| {
|   // Test override and final
|   cxx11test::overridden o1(55464);
| }
| {
|   // Test nullptr
|   char *c = nullptr;
| }
| {
|   // Test template brackets
|   test_template<::test_template<int>> v(test_template<int>(12));
| }
| {
|   // Unicode literals
|   char const *utf8 = u8"UTF-8 string \u2500";
|   char16_t const *utf16 = u"UTF-8 string \u2500";
|   char32_t const *utf32 = U"UTF-32 string \u2500";
| }
| 
|   return ok;
| }
| 
configure:4166: result: none needed
configure:4233: checking whether make supports the include directive
configure:4248: make -f confmf.GNU && cat confinc.out
this is the am__doit target
configure:4251: $? = 0
configure:4270: result: yes (GNU style)
configure:4296: checking dependency style of g++
configure:4408: result: gcc3
configure:4485: checking for gcc
configure:4506: found /usr/bin/gcc
configure:4517: result: gcc
configure:4870: checking for C compiler version
configure:4879: gcc --version >&5
Apple LLVM version 10.0.0 (clang-1000.11.45.5)
Target: x86_64-apple-darwin17.7.0
Thread model: posix
InstalledDir: /Applications/Xcode.app/Contents/Developer/Toolchains/XcodeDefault.xctoolchain/usr/bin
Configured with: --prefix=/Applications/Xcode.app/Contents/Developer/usr --with-gxx-include-dir=/usr/include/c++/4.2.1
configure:4890: $? = 0
configure:4879: gcc -v >&5
Configured with: --prefix=/Applications/Xcode.app/Contents/Developer/usr --with-gxx-include-dir=/usr/include/c++/4.2.1
Apple LLVM version 10.0.0 (clang-1000.11.45.5)
Target: x86_64-apple-darwin17.7.0
Thread model: posix
InstalledDir: /Applications/Xcode.app/Contents/Developer/Toolchains/XcodeDefault.xctoolchain/usr/bin
configure:4890: $? = 0
configure:4879: gcc -V >&5
clang: error: argument to '-V' is missing (expected 1 value)
clang: error: no input files
configure:4890: $? = 1
configure:4879: gcc -qversion >&5
clang: error: unknown argument: '-qversion'
clang: error: no input files
configure:4890: $? = 1
configure:4879: gcc -version >&5
clang: error: unknown argument: '-version'
clang: error: no input files
configure:4890: $? = 1
configure:4894: checking whether the compiler supports GNU C
configure:4914: gcc -c   conftest.c >&5
configure:4914: $? = 0
configure:4924: result: yes
configure:4935: checking whether gcc accepts -g
configure:4956: gcc -c -g  conftest.c >&5
configure:4956: $? = 0
configure:5000: result: yes
configure:5020: checking for gcc option to enable C11 features
configure:5035: gcc  -c -g -O2  conftest.c >&5
configure:5035: $? = 0
configure:5053: result: none needed
configure:5169: checking whether gcc understands -c and -o together
configure:5192: gcc -c conftest.c -o conftest2.o
configure:5195: $? = 0
configure:5192: gcc -c conftest.c -o conftest2.o
configure:5195: $? = 0
configure:5207: result: yes
configure:5226: checking dependency style of gcc
configure:5338: result: gcc3
configure:5354: checking whether ln -s works
configure:5358: result: yes
configure:5423: checking for g77
configure:5458: result: no
configure:5423: checking for xlf
configure:5458: result: no
configure:5423: checking for f77
configure:5458: result: no
configure:5423: checking for frt
configure:5458: result: no
configure:5423: checking for pgf77
configure:5458: result: no
configure:5423: checking for cf77
configure:5458: result: no
configure:5423: checking for fort77
configure:5458: result: no
configure:5423: checking for fl32
configure:5458: result: no
configure:5423: checking for af77
configure:5458: result: no
configure:5423: checking for xlf90
configure:5458: result: no
configure:5423: checking for f90
configure:5458: result: no
configure:5423: checking for pgf90
configure:5458: result: no
configure:5423: checking for pghpf
configure:5458: result: no
configure:5423: checking for epcf90
configure:5458: result: no
configure:5423: checking for gfortran
configure:5444: found /usr/local/bin/gfortran
configure:5455: result: gfortran
configure:5481: checking for Fortran 77 compiler version
configure:5490: gfortran --version >&5
GNU Fortran (GCC) 6.3.0
Copyright (C) 2016 Free Software Foundation, Inc.
This is free software; see the source for copying conditions.  There is NO
warranty; not even for MERCHANTABILITY or FITNESS FOR A PARTICULAR PURPOSE.

configure:5501: $? = 0
configure:5490: gfortran -v >&5
Using built-in specs.
COLLECT_GCC=gfortran
COLLECT_LTO_WRAPPER=/usr/local/gfortran/libexec/gcc/x86_64-apple-darwin16/6.3.0/lto-wrapper
Target: x86_64-apple-darwin16
Configured with: ../gcc-6.3.0/configure --prefix=/usr/local/gfortran --enable-languages=c,c++,fortran,objc,obj-c++ --build=x86_64-apple-darwin16 --with-gmp=/Users/fx/devel/gcc/deps-static/x86_64 --with-mpfr=/Users/fx/devel/gcc/deps-static/x86_64 --with-mpc=/Users/fx/devel/gcc/deps-static/x86_64 --with-isl=/Users/fx/devel/gcc/deps-static/x86_64
Thread model: posix
gcc version 6.3.0 (GCC) 
configure:5501: $? = 0
configure:5490: gfortran -V >&5
gfortran: error: unrecognized command line option '-V'
gfortran: fatal error: no input files
compilation terminated.
configure:5501: $? = 1
configure:5490: gfortran -qversion >&5
gfortran: error: unrecognized command line option '-qversion'; did you mean '--version'?
gfortran: fatal error: no input files
compilation terminated.
configure:5501: $? = 1
configure:5510: checking whether the compiler supports GNU Fortran 77
configure:5524: gfortran -c  conftest.F >&5
configure:5524: $? = 0
configure:5534: result: yes
configure:5542: checking whether gfortran accepts -g
configure:5554: gfortran -c -g conftest.f >&5
configure:5554: $? = 0
configure:5563: result: yes
configure:5640: checking for ranlib
configure:5661: found /usr/bin/ranlib
configure:5672: result: ranlib
configure:5699: checking how to run the C preprocessor
configure:5725: gcc -E  conftest.c
configure:5725: $? = 0
configure:5740: gcc -E  conftest.c
conftest.c:11:10: fatal error: 'ac_nonexistent.h' file not found
#include <ac_nonexistent.h>
         ^~~~~~~~~~~~~~~~~~
1 error generated.
configure:5740: $? = 1
configure: failed program was:
| /* confdefs.h */
| #define PACKAGE_NAME "mfold"
| #define PACKAGE_TARNAME "mfold"
| #define PACKAGE_VERSION "3.6"
| #define PACKAGE_STRING "mfold 3.6"
| #define PACKAGE_BUGREPORT "zukerm@alum.mit.edu"
| #define PACKAGE_URL "www.unafold.org"
| #define PACKAGE "mfold"
| #define VERSION "3.6"
| /* end confdefs.h.  */
| #include <ac_nonexistent.h>
configure:5767: result: gcc -E
configure:5781: gcc -E  conftest.c
configure:5781: $? = 0
configure:5796: gcc -E  conftest.c
conftest.c:11:10: fatal error: 'ac_nonexistent.h' file not found
#include <ac_nonexistent.h>
         ^~~~~~~~~~~~~~~~~~
1 error generated.
configure:5796: $? = 1
configure: failed program was:
| /* confdefs.h */
| #define PACKAGE_NAME "mfold"
| #define PACKAGE_TARNAME "mfold"
| #define PACKAGE_VERSION "3.6"
| #define PACKAGE_STRING "mfold 3.6"
| #define PACKAGE_BUGREPORT "zukerm@alum.mit.edu"
| #define PACKAGE_URL "www.unafold.org"
| #define PACKAGE "mfold"
| #define VERSION "3.6"
| /* end confdefs.h.  */
| #include <ac_nonexistent.h>
configure:5830: checking for sqrt in -lm
configure:5853: gcc -o conftest -g -O2  -static-libgfortran conftest.c -lm   >&5
clang: warning: argument unused during compilation: '-static-libgfortran' [-Wunused-command-line-argument]
conftest.c:15:6: warning: incompatible redeclaration of library function 'sqrt' [-Wincompatible-library-redeclaration]
char sqrt ();
     ^
conftest.c:15:6: note: 'sqrt' is a builtin with type 'double (double)'
1 warning generated.
configure:5853: $? = 0
configure:5863: result: yes
configure:5873: checking for gdImageCreate in -lgd
configure:5896: gcc -o conftest -g -O2  -static-libgfortran conftest.c -lgd  -lm  >&5
clang: warning: argument unused during compilation: '-static-libgfortran' [-Wunused-command-line-argument]
ld: library not found for -lgd
clang: error: linker command failed with exit code 1 (use -v to see invocation)
configure:5896: $? = 1
configure: failed program was:
| /* confdefs.h */
| #define PACKAGE_NAME "mfold"
| #define PACKAGE_TARNAME "mfold"
| #define PACKAGE_VERSION "3.6"
| #define PACKAGE_STRING "mfold 3.6"
| #define PACKAGE_BUGREPORT "zukerm@alum.mit.edu"
| #define PACKAGE_URL "www.unafold.org"
| #define PACKAGE "mfold"
| #define VERSION "3.6"
| #define HAVE_LIBM 1
| /* end confdefs.h.  */
| 
| /* Override any GCC internal prototype to avoid an error.
|    Use char because int might match the return type of a GCC
|    builtin and then its argument prototype would still apply.  */
| char gdImageCreate ();
| int
| main (void)
| {
| return gdImageCreate ();
|   ;
|   return 0;
| }
configure:5906: result: no
configure:5924: checking for stdio.h
configure:5924: gcc -c -g -O2  conftest.c >&5
configure:5924: $? = 0
configure:5924: result: yes
configure:5924: checking for stdlib.h
configure:5924: gcc -c -g -O2  conftest.c >&5
configure:5924: $? = 0
configure:5924: result: yes
configure:5924: checking for string.h
configure:5924: gcc -c -g -O2  conftest.c >&5
configure:5924: $? = 0
configure:5924: result: yes
configure:5924: checking for inttypes.h
configure:5924: gcc -c -g -O2  conftest.c >&5
configure:5924: $? = 0
configure:5924: result: yes
configure:5924: checking for stdint.h
configure:5924: gcc -c -g -O2  conftest.c >&5
configure:5924: $? = 0
configure:5924: result: yes
configure:5924: checking for strings.h
configure:5924: gcc -c -g -O2  conftest.c >&5
configure:5924: $? = 0
configure:5924: result: yes
configure:5924: checking for sys/stat.h
configure:5924: gcc -c -g -O2  conftest.c >&5
configure:5924: $? = 0
configure:5924: result: yes
configure:5924: checking for sys/types.h
configure:5924: gcc -c -g -O2  conftest.c >&5
configure:5924: $? = 0
configure:5924: result: yes
configure:5924: checking for unistd.h
configure:5924: gcc -c -g -O2  conftest.c >&5
configure:5924: $? = 0
configure:5924: result: yes
configure:5949: checking for grep that handles long lines and -e
configure:6013: result: /usr/bin/grep
configure:6021: checking for egrep
configure:6089: result: /usr/bin/grep -E
configure:6095: checking for gd.h
configure:6095: gcc -c -g -O2  conftest.c >&5
conftest.c:50:10: fatal error: 'gd.h' file not found
#include <gd.h>
         ^~~~~~
1 error generated.
configure:6095: $? = 1
configure: failed program was:
| /* confdefs.h */
| #define PACKAGE_NAME "mfold"
| #define PACKAGE_TARNAME "mfold"
| #define PACKAGE_VERSION "3.6"
| #define PACKAGE_STRING "mfold 3.6"
| #define PACKAGE_BUGREPORT "zukerm@alum.mit.edu"
| #define PACKAGE_URL "www.unafold.org"
| #define PACKAGE "mfold"
| #define VERSION "3.6"
| #define HAVE_LIBM 1
| #define HAVE_STDIO_H 1
| #define HAVE_STDLIB_H 1
| #define HAVE_STRING_H 1
| #define HAVE_INTTYPES_H 1
| #define HAVE_STDINT_H 1
| #define HAVE_STRINGS_H 1
| #define HAVE_SYS_STAT_H 1
| #define HAVE_SYS_TYPES_H 1
| #define HAVE_UNISTD_H 1
| #define STDC_HEADERS 1
| /* end confdefs.h.  */
| #include <stddef.h>
| #ifdef HAVE_STDIO_H
| # include <stdio.h>
| #endif
| #ifdef HAVE_STDLIB_H
| # include <stdlib.h>
| #endif
| #ifdef HAVE_STRING_H
| # include <string.h>
| #endif
| #ifdef HAVE_INTTYPES_H
| # include <inttypes.h>
| #endif
| #ifdef HAVE_STDINT_H
| # include <stdint.h>
| #endif
| #ifdef HAVE_STRINGS_H
| # include <strings.h>
| #endif
| #ifdef HAVE_SYS_TYPES_H
| # include <sys/types.h>
| #endif
| #ifdef HAVE_SYS_STAT_H
| # include <sys/stat.h>
| #endif
| #ifdef HAVE_UNISTD_H
| # include <unistd.h>
| #endif
| #include <gd.h>
configure:6095: result: no
configure:6101: checking for limits.h
configure:6101: gcc -c -g -O2  conftest.c >&5
configure:6101: $? = 0
configure:6101: result: yes
configure:6107: checking for stdlib.h
configure:6107: result: yes
configure:6113: checking for string.h
configure:6113: result: yes
configure:6122: checking for _Bool
configure:6122: gcc -c -g -O2  conftest.c >&5
configure:6122: $? = 0
configure:6122: gcc -c -g -O2  conftest.c >&5
conftest.c:56:20: error: expected expression
if (sizeof ((_Bool)))
                   ^
1 error generated.
configure:6122: $? = 1
configure: failed program was:
| /* confdefs.h */
| #define PACKAGE_NAME "mfold"
| #define PACKAGE_TARNAME "mfold"
| #define PACKAGE_VERSION "3.6"
| #define PACKAGE_STRING "mfold 3.6"
| #define PACKAGE_BUGREPORT "zukerm@alum.mit.edu"
| #define PACKAGE_URL "www.unafold.org"
| #define PACKAGE "mfold"
| #define VERSION "3.6"
| #define HAVE_LIBM 1
| #define HAVE_STDIO_H 1
| #define HAVE_STDLIB_H 1
| #define HAVE_STRING_H 1
| #define HAVE_INTTYPES_H 1
| #define HAVE_STDINT_H 1
| #define HAVE_STRINGS_H 1
| #define HAVE_SYS_STAT_H 1
| #define HAVE_SYS_TYPES_H 1
| #define HAVE_UNISTD_H 1
| #define STDC_HEADERS 1
| #define HAVE_LIMITS_H 1
| #define HAVE_STDLIB_H 1
| #define HAVE_STRING_H 1
| /* end confdefs.h.  */
| #include <stddef.h>
| #ifdef HAVE_STDIO_H
| # include <stdio.h>
| #endif
| #ifdef HAVE_STDLIB_H
| # include <stdlib.h>
| #endif
| #ifdef HAVE_STRING_H
| # include <string.h>
| #endif
| #ifdef HAVE_INTTYPES_H
| # include <inttypes.h>
| #endif
| #ifdef HAVE_STDINT_H
| # include <stdint.h>
| #endif
| #ifdef HAVE_STRINGS_H
| # include <strings.h>
| #endif
| #ifdef HAVE_SYS_TYPES_H
| # include <sys/types.h>
| #endif
| #ifdef HAVE_SYS_STAT_H
| # include <sys/stat.h>
| #endif
| #ifdef HAVE_UNISTD_H
| # include <unistd.h>
| #endif
| int
| main (void)
| {
| if (sizeof ((_Bool)))
| 	    return 0;
|   ;
|   return 0;
| }
configure:6122: result: yes
configure:6131: checking for stdbool.h that conforms to C99
configure:6247: gcc -c -g -O2  conftest.c >&5
conftest.c:111:25: warning: address of 's' will always evaluate to 'true' [-Wpointer-bool-conversion]
             bool ps = &s;
                  ~~    ^
conftest.c:116:28: warning: address of 't' will always evaluate to 'true' [-Wpointer-bool-conversion]
               _Bool pt = &t;
                     ~~    ^
conftest.c:123:23: warning: address of array 'a' will always evaluate to 'true' [-Wpointer-bool-conversion]
             return (!a + !b + !c + !d + !e + !f + !g + !h + !i + !j + !k
                     ~^
conftest.c:123:28: warning: address of array 'b' will always evaluate to 'true' [-Wpointer-bool-conversion]
             return (!a + !b + !c + !d + !e + !f + !g + !h + !i + !j + !k
                          ~^
conftest.c:123:33: warning: address of array 'c' will always evaluate to 'true' [-Wpointer-bool-conversion]
             return (!a + !b + !c + !d + !e + !f + !g + !h + !i + !j + !k
                               ~^
conftest.c:123:38: warning: address of array 'd' will always evaluate to 'true' [-Wpointer-bool-conversion]
             return (!a + !b + !c + !d + !e + !f + !g + !h + !i + !j + !k
                                    ~^
conftest.c:123:63: warning: address of array 'i' will always evaluate to 'true' [-Wpointer-bool-conversion]
             return (!a + !b + !c + !d + !e + !f + !g + !h + !i + !j + !k
                                                             ~^
conftest.c:123:68: warning: address of array 'j' will always evaluate to 'true' [-Wpointer-bool-conversion]
             return (!a + !b + !c + !d + !e + !f + !g + !h + !i + !j + !k
                                                                  ~^
conftest.c:123:73: warning: address of array 'k' will always evaluate to 'true' [-Wpointer-bool-conversion]
             return (!a + !b + !c + !d + !e + !f + !g + !h + !i + !j + !k
                                                                       ~^
conftest.c:124:25: warning: address of array 'l' will always evaluate to 'true' [-Wpointer-bool-conversion]
                       ~^
conftest.c:124:30: warning: address of array 'm' will always evaluate to 'true' [-Wpointer-bool-conversion]
                            ~^
conftest.c:124:35: warning: address of array 'n' will always evaluate to 'true' [-Wpointer-bool-conversion]
                                 ~^
conftest.c:124:40: warning: address of array 'o' will always evaluate to 'true' [-Wpointer-bool-conversion]
                                      ~^
conftest.c:126:25: warning: address of array 'q' will always evaluate to 'true' [-Wpointer-bool-conversion]
                       ~^
conftest.c:126:30: warning: address of array 'r' will always evaluate to 'true' [-Wpointer-bool-conversion]
                            ~^
conftest.c:126:35: warning: address of array 'u' will always evaluate to 'true' [-Wpointer-bool-conversion]
                                 ~^
conftest.c:126:40: warning: address of array 'v' will always evaluate to 'true' [-Wpointer-bool-conversion]
                                      ~^
conftest.c:126:45: warning: address of array 'w' will always evaluate to 'true' [-Wpointer-bool-conversion]
                                           ~^
conftest.c:126:50: warning: address of array 'x' will always evaluate to 'true' [-Wpointer-bool-conversion]
                                                ~^
conftest.c:126:55: warning: address of array 'y' will always evaluate to 'true' [-Wpointer-bool-conversion]
                                                     ~^
20 warnings generated.
configure:6247: $? = 0
configure:6255: result: yes
configure:6264: checking for an ANSI C-conforming const
configure:6331: gcc -c -g -O2  conftest.c >&5
configure:6331: $? = 0
configure:6339: result: yes
configure:6347: checking for inline
configure:6364: gcc -c -g -O2  conftest.c >&5
configure:6364: $? = 0
configure:6373: result: inline
configure:6391: checking whether struct tm is in sys/time.h or time.h
configure:6412: gcc -c -g -O2  conftest.c >&5
configure:6412: $? = 0
configure:6420: result: time.h
configure:6430: checking host system type
configure:6444: result: i686-apple-darwin17.7.0
configure:6464: checking for GNU libc compatible malloc
configure:6496: gcc -o conftest -g -O2  -static-libgfortran conftest.c -lm  >&5
clang: warning: argument unused during compilation: '-static-libgfortran' [-Wunused-command-line-argument]
configure:6496: $? = 0
configure:6496: ./conftest
configure:6496: $? = 0
configure:6507: result: yes
configure:6529: checking for error_at_line
configure:6546: gcc -o conftest -g -O2  -static-libgfortran conftest.c -lm  >&5
clang: warning: argument unused during compilation: '-static-libgfortran' [-Wunused-command-line-argument]
conftest.c:28:10: fatal error: 'error.h' file not found
#include <error.h>
         ^~~~~~~~~
1 error generated.
configure:6546: $? = 1
configure: failed program was:
| /* confdefs.h */
| #define PACKAGE_NAME "mfold"
| #define PACKAGE_TARNAME "mfold"
| #define PACKAGE_VERSION "3.6"
| #define PACKAGE_STRING "mfold 3.6"
| #define PACKAGE_BUGREPORT "zukerm@alum.mit.edu"
| #define PACKAGE_URL "www.unafold.org"
| #define PACKAGE "mfold"
| #define VERSION "3.6"
| #define HAVE_LIBM 1
| #define HAVE_STDIO_H 1
| #define HAVE_STDLIB_H 1
| #define HAVE_STRING_H 1
| #define HAVE_INTTYPES_H 1
| #define HAVE_STDINT_H 1
| #define HAVE_STRINGS_H 1
| #define HAVE_SYS_STAT_H 1
| #define HAVE_SYS_TYPES_H 1
| #define HAVE_UNISTD_H 1
| #define STDC_HEADERS 1
| #define HAVE_LIMITS_H 1
| #define HAVE_STDLIB_H 1
| #define HAVE_STRING_H 1
| #define HAVE__BOOL 1
| #define HAVE_STDBOOL_H 1
| #define HAVE_MALLOC 1
| /* end confdefs.h.  */
| #include <error.h>
| int
| main (void)
| {
| error_at_line (0, 0, "", 0, "an error occurred");
|   ;
|   return 0;
| }
configure:6555: result: no
configure:6566: checking for bzero
configure:6566: gcc -o conftest -g -O2  -static-libgfortran conftest.c -lm  >&5
clang: warning: argument unused during compilation: '-static-libgfortran' [-Wunused-command-line-argument]
conftest.c:44:6: warning: incompatible redeclaration of library function 'bzero' [-Wincompatible-library-redeclaration]
char bzero ();
     ^
conftest.c:44:6: note: 'bzero' is a builtin with type 'void (void *, unsigned long)'
1 warning generated.
configure:6566: $? = 0
configure:6566: result: yes
configure:6572: checking for floor
configure:6572: gcc -o conftest -g -O2  -static-libgfortran conftest.c -lm  >&5
clang: warning: argument unused during compilation: '-static-libgfortran' [-Wunused-command-line-argument]
conftest.c:45:6: warning: incompatible redeclaration of library function 'floor' [-Wincompatible-library-redeclaration]
char floor ();
     ^
conftest.c:45:6: note: 'floor' is a builtin with type 'double (double)'
1 warning generated.
configure:6572: $? = 0
configure:6572: result: yes
configure:6578: checking for sqrt
configure:6578: gcc -o conftest -g -O2  -static-libgfortran conftest.c -lm  >&5
clang: warning: argument unused during compilation: '-static-libgfortran' [-Wunused-command-line-argument]
conftest.c:46:6: warning: incompatible redeclaration of library function 'sqrt' [-Wincompatible-library-redeclaration]
char sqrt ();
     ^
conftest.c:46:6: note: 'sqrt' is a builtin with type 'double (double)'
1 warning generated.
configure:6578: $? = 0
configure:6578: result: yes
configure:6584: checking for strchr
configure:6584: gcc -o conftest -g -O2  -static-libgfortran conftest.c -lm  >&5
clang: warning: argument unused during compilation: '-static-libgfortran' [-Wunused-command-line-argument]
conftest.c:47:6: warning: incompatible redeclaration of library function 'strchr' [-Wincompatible-library-redeclaration]
char strchr ();
     ^
conftest.c:47:6: note: 'strchr' is a builtin with type 'char *(const char *, int)'
1 warning generated.
configure:6584: $? = 0
configure:6584: result: yes
configure:6590: checking for strspn
configure:6590: gcc -o conftest -g -O2  -static-libgfortran conftest.c -lm  >&5
clang: warning: argument unused during compilation: '-static-libgfortran' [-Wunused-command-line-argument]
conftest.c:48:6: warning: incompatible redeclaration of library function 'strspn' [-Wincompatible-library-redeclaration]
char strspn ();
     ^
conftest.c:48:6: note: 'strspn' is a builtin with type 'unsigned long (const char *, const char *)'
1 warning generated.
configure:6590: $? = 0
configure:6590: result: yes
configure:6596: checking for strstr
configure:6596: gcc -o conftest -g -O2  -static-libgfortran conftest.c -lm  >&5
clang: warning: argument unused during compilation: '-static-libgfortran' [-Wunused-command-line-argument]
conftest.c:49:6: warning: incompatible redeclaration of library function 'strstr' [-Wincompatible-library-redeclaration]
char strstr ();
     ^
conftest.c:49:6: note: 'strstr' is a builtin with type 'char *(const char *, const char *)'
1 warning generated.
configure:6596: $? = 0
configure:6596: result: yes
configure:6716: checking that generated files are newer than configure
configure:6722: result: done
configure:6749: creating ./config.status

## ---------------- ##
## Cache variables. ##
## ---------------- ##

ac_cv_build=i686-apple-darwin17.7.0
ac_cv_c_compiler_gnu=yes
ac_cv_c_const=yes
ac_cv_c_inline=inline
ac_cv_cxx_compiler_gnu=yes
ac_cv_env_CCC_set=
ac_cv_env_CCC_value=
ac_cv_env_CC_set=
ac_cv_env_CC_value=
ac_cv_env_CFLAGS_set=
ac_cv_env_CFLAGS_value=
ac_cv_env_CPPFLAGS_set=
ac_cv_env_CPPFLAGS_value=
ac_cv_env_CPP_set=
ac_cv_env_CPP_value=
ac_cv_env_CXXFLAGS_set=
ac_cv_env_CXXFLAGS_value=
ac_cv_env_CXX_set=
ac_cv_env_CXX_value=
ac_cv_env_F77_set=
ac_cv_env_F77_value=
ac_cv_env_FFLAGS_set=
ac_cv_env_FFLAGS_value=
ac_cv_env_LDFLAGS_set=set
ac_cv_env_LDFLAGS_value=-static-libgfortran
ac_cv_env_LIBS_set=
ac_cv_env_LIBS_value=
ac_cv_env_build_alias_set=
ac_cv_env_build_alias_value=
ac_cv_env_host_alias_set=
ac_cv_env_host_alias_value=
ac_cv_env_target_alias_set=
ac_cv_env_target_alias_value=
ac_cv_f77_compiler_gnu=yes
ac_cv_func_bzero=yes
ac_cv_func_floor=yes
ac_cv_func_malloc_0_nonnull=yes
ac_cv_func_sqrt=yes
ac_cv_func_strchr=yes
ac_cv_func_strspn=yes
ac_cv_func_strstr=yes
ac_cv_header_gd_h=no
ac_cv_header_inttypes_h=yes
ac_cv_header_limits_h=yes
ac_cv_header_stdbool_h=yes
ac_cv_header_stdint_h=yes
ac_cv_header_stdio_h=yes
ac_cv_header_stdlib_h=yes
ac_cv_header_string_h=yes
ac_cv_header_strings_h=yes
ac_cv_header_sys_stat_h=yes
ac_cv_header_sys_types_h=yes
ac_cv_header_unistd_h=yes
ac_cv_host=i686-apple-darwin17.7.0
ac_cv_lib_error_at_line=no
ac_cv_lib_gd_gdImageCreate=no
ac_cv_lib_m_sqrt=yes
ac_cv_objext=o
ac_cv_path_EGREP='/usr/bin/grep -E'
ac_cv_path_GREP=/usr/bin/grep
ac_cv_path_install='/usr/bin/install -c'
ac_cv_prog_AWK=awk
ac_cv_prog_CPP='gcc -E'
ac_cv_prog_ac_ct_CC=gcc
ac_cv_prog_ac_ct_CXX=g++
ac_cv_prog_ac_ct_F77=gfortran
ac_cv_prog_ac_ct_RANLIB=ranlib
ac_cv_prog_cc_c11=
ac_cv_prog_cc_g=yes
ac_cv_prog_cc_stdc=
ac_cv_prog_cxx_11=no
ac_cv_prog_cxx_g=yes
ac_cv_prog_cxx_stdcxx=
ac_cv_prog_f77_g=yes
ac_cv_prog_make_make_set=yes
ac_cv_struct_tm=time.h
ac_cv_type__Bool=yes
am_cv_CC_dependencies_compiler_type=gcc3
am_cv_CXX_dependencies_compiler_type=gcc3
am_cv_make_support_nested_variables=yes
am_cv_prog_cc_c_o=yes

## ----------------- ##
## Output variables. ##
## ----------------- ##

ACLOCAL='aclocal-1.16'
AMDEPBACKSLASH='\'
AMDEP_FALSE='#'
AMDEP_TRUE=''
AMTAR='$${TAR-tar}'
AM_BACKSLASH='\'
AM_DEFAULT_V='$(AM_DEFAULT_VERBOSITY)'
AM_DEFAULT_VERBOSITY='1'
AM_V='$(V)'
AUTOCONF='autoconf'
AUTOHEADER='autoheader'
AUTOMAKE='automake-1.16'
AWK='awk'
CC='gcc'
CCDEPMODE='depmode=gcc3'
CFLAGS='-g -O2'
CPP='gcc -E'
CPPFLAGS=''
CXX='g++'
CXXDEPMODE='depmode=gcc3'
CXXFLAGS='-g -O2'
CYGPATH_W='echo'
DEFS='-DHAVE_CONFIG_H'
DEPDIR='.deps'
ECHO_C='\c'
ECHO_N=''
ECHO_T=''
EGREP='/usr/bin/grep -E'
EXEEXT=''
F77='gfortran'
FFLAGS='-g -O2'
GREP='/usr/bin/grep'
INSTALL_DATA='${INSTALL} -m 644'
INSTALL_PROGRAM='${INSTALL}'
INSTALL_SCRIPT='${INSTALL}'
INSTALL_STRIP_PROGRAM='$(install_sh) -c -s'
LDFLAGS='-static-libgfortran'
LIBOBJS=' ${LIBOBJDIR}error$U.o'
LIBS='-lm '
LN_S='ln -s'
LTLIBOBJS=' ${LIBOBJDIR}error$U.lo'
MAKEINFO='makeinfo'
MKDIR_P='./config/install-sh -c -d'
OBJEXT='o'
PACKAGE='mfold'
PACKAGE_BUGREPORT='zukerm@alum.mit.edu'
PACKAGE_NAME='mfold'
PACKAGE_STRING='mfold 3.6'
PACKAGE_TARNAME='mfold'
PACKAGE_URL='www.unafold.org'
PACKAGE_VERSION='3.6'
PATH_SEPARATOR=':'
RANLIB='ranlib'
SET_MAKE=''
SHELL='/bin/sh'
STRIP=''
VERSION='3.6'
ac_ct_CC='gcc'
ac_ct_CXX='g++'
ac_ct_F77='gfortran'
am__EXEEXT_FALSE=''
am__EXEEXT_TRUE='#'
am__fastdepCC_FALSE='#'
am__fastdepCC_TRUE=''
am__fastdepCXX_FALSE='#'
am__fastdepCXX_TRUE=''
am__include='include'
am__isrc=''
am__leading_dot='.'
am__nodep='_no'
am__quote=''
am__tar='$${TAR-tar} chof - "$$tardir"'
am__untar='$${TAR-tar} xf -'
bindir='${exec_prefix}/bin'
build='i686-apple-darwin17.7.0'
build_alias=''
build_cpu='i686'
build_os='darwin17.7.0'
build_vendor='apple'
datadir='${datarootdir}'
datarootdir='${prefix}/share'
docdir='${datarootdir}/doc/${PACKAGE_TARNAME}'
dvidir='${docdir}'
exec_prefix='${prefix}'
host='i686-apple-darwin17.7.0'
host_alias=''
host_cpu='i686'
host_os='darwin17.7.0'
host_vendor='apple'
htmldir='${docdir}'
includedir='${prefix}/include'
infodir='${datarootdir}/info'
install_sh='${SHELL} /Users/developer/Desktop/evelina/ugene/mfold/src/mfold-3.6/config/install-sh'
libdir='${exec_prefix}/lib'
libexecdir='${exec_prefix}/libexec'
localedir='${datarootdir}/locale'
localstatedir='${prefix}/var'
mandir='${datarootdir}/man'
mkdir_p='$(MKDIR_P)'
oldincludedir='/usr/include'
pdfdir='${docdir}'
prefix='/Users/developer/Desktop/evelina/ugene/mfold/prefix'
program_transform_name='s,x,x,'
psdir='${docdir}'
runstatedir='${localstatedir}/run'
sbindir='${exec_prefix}/sbin'
sharedstatedir='${prefix}/com'
sysconfdir='${prefix}/etc'
target_alias=''

## ----------- ##
## confdefs.h. ##
## ----------- ##

/* confdefs.h */
#define PACKAGE_NAME "mfold"
#define PACKAGE_TARNAME "mfold"
#define PACKAGE_VERSION "3.6"
#define PACKAGE_STRING "mfold 3.6"
#define PACKAGE_BUGREPORT "zukerm@alum.mit.edu"
#define PACKAGE_URL "www.unafold.org"
#define PACKAGE "mfold"
#define VERSION "3.6"
#define HAVE_LIBM 1
#define HAVE_STDIO_H 1
#define HAVE_STDLIB_H 1
#define HAVE_STRING_H 1
#define HAVE_INTTYPES_H 1
#define HAVE_STDINT_H 1
#define HAVE_STRINGS_H 1
#define HAVE_SYS_STAT_H 1
#define HAVE_SYS_TYPES_H 1
#define HAVE_UNISTD_H 1
#define STDC_HEADERS 1
#define HAVE_LIMITS_H 1
#define HAVE_STDLIB_H 1
#define HAVE_STRING_H 1
#define HAVE__BOOL 1
#define HAVE_STDBOOL_H 1
#define HAVE_MALLOC 1
#define HAVE_BZERO 1
#define HAVE_FLOOR 1
#define HAVE_SQRT 1
#define HAVE_STRCHR 1
#define HAVE_STRSPN 1
#define HAVE_STRSTR 1

configure: exit 0

## ---------------------- ##
## Running config.status. ##
## ---------------------- ##

This file was extended by mfold config.status 3.6, which was
generated by GNU Autoconf 2.71.  Invocation command line was

  CONFIG_FILES    = 
  CONFIG_HEADERS  = 
  CONFIG_LINKS    = 
  CONFIG_COMMANDS = 
  $ ./config.status 

on atiunov-pc

config.status:888: creating Makefile
config.status:888: creating c++/Makefile
config.status:888: creating src/Makefile
config.status:888: creating dat/Makefile
config.status:888: creating scripts/Makefile
config.status:888: creating scripts/filter-sort
config.status:888: creating scripts/h-num
config.status:888: creating scripts/reformat-seq.sh
config.status:888: creating scripts/mfold
config.status:888: creating scripts/mfold_quik
config.status:888: creating config.h
config.status:1117: executing depfiles commands
config.status:1194: cd c++       && sed -e '/# am--include-marker/d' Makefile         | make -f - am--depfiles
make[1]: Nothing to be done for `am--depfiles'.
config.status:1199: $? = 0
config.status:1194: cd src       && sed -e '/# am--include-marker/d' Makefile         | make -f - am--depfiles
make[1]: Nothing to be done for `am--depfiles'.
config.status:1199: $? = 0

## ---------------------- ##
## Running config.status. ##
## ---------------------- ##

This file was extended by mfold config.status 3.6, which was
generated by GNU Autoconf 2.71.  Invocation command line was

  CONFIG_FILES    = 
  CONFIG_HEADERS  = 
  CONFIG_LINKS    = 
  CONFIG_COMMANDS = 
  $ ./config.status config.h

on atiunov-pc

config.status:888: creating config.h
